<?xml version="1.0" encoding="UTF-8"?>
<!-- Generated by org.testng.reporters.JUnitReportReporter -->
<testsuite hostname="LAPTOP-VERPD4RG" failures="0" tests="2" name="TestNG.DisablingTestScript" time="0.002" errors="0" timestamp="2024-01-12T09:20:08 IST" skipped="1">
  <testcase classname="TestNG.DisablingTestScript" name="demo1" time="0.002">
    <system-out>
      <![CDATA[demo1]]>
    </system-out>
  </testcase> <!-- demo1 -->
  <testcase classname="TestNG.DisablingTestScript" name="demo2">
    <skipped/>
  </testcase> <!-- demo2 -->
  <system-out>
    <![CDATA[navigateToApp
loginToApp
demo1
demo2,true
demo1,true
Hello World
demo1
demo1
demo1
demo4
demo4
demo4
demo4
demo2]]>
  </system-out>
</testsuite> <!-- TestNG.DisablingTestScript -->
