<?xml version="1.0" encoding="UTF-8"?>
<!-- Generated by org.testng.reporters.JUnitReportReporter -->
<testsuite hostname="LAPTOP-VERPD4RG" failures="0" tests="2" name="TestNG.DependencyBetwwenMethods" time="0.012" errors="0" timestamp="2024-01-12T09:20:09 IST" skipped="0">
  <testcase classname="TestNG.DependencyBetwwenMethods" name="loginToApp" time="0.001">
    <system-out>
      <![CDATA[loginToApp]]>
    </system-out>
  </testcase> <!-- loginToApp -->
  <testcase classname="TestNG.DependencyBetwwenMethods" name="navigateToApp" time="0.011">
    <system-out>
      <![CDATA[navigateToApp]]>
    </system-out>
  </testcase> <!-- navigateToApp -->
  <system-out>
    <![CDATA[navigateToApp
loginToApp
demo1
demo2,true
demo1,true
Hello World
demo1
demo1
demo1
demo4
demo4
demo4
demo4
demo2]]>
  </system-out>
</testsuite> <!-- TestNG.DependencyBetwwenMethods -->
