<?xml version="1.0" encoding="UTF-8"?>
<!-- Generated by org.testng.reporters.JUnitReportReporter -->
<testsuite hostname="LAPTOP-VERPD4RG" failures="0" tests="1" name="grroupExecution.TestClass4" time="0.011" errors="0" timestamp="2024-01-11T12:56:59 IST" skipped="0">
  <testcase classname="grroupExecution.TestClass4" name="demo1" time="0.011"/>
</testsuite> <!-- grroupExecution.TestClass4 -->
