<?xml version="1.0" encoding="UTF-8"?>
<!-- Generated by org.testng.reporters.JUnitReportReporter -->
<testsuite hostname="LAPTOP-VERPD4RG" failures="0" tests="1" name="distributedParallelExecution.Test5" time="0.003" errors="0" timestamp="2024-01-11T14:10:47 IST" skipped="0">
  <testcase classname="distributedParallelExecution.Test5" name="demo" time="0.003"/>
</testsuite> <!-- distributedParallelExecution.Test5 -->
