<?xml version="1.0" encoding="UTF-8"?>
<!-- Generated by org.testng.reporters.JUnitReportReporter -->
<testsuite hostname="LAPTOP-VERPD4RG" failures="0" tests="2" name="TestNG.DependencyBetweenMethod2" time="8.336" errors="0" timestamp="2024-01-12T09:20:08 IST" skipped="0">
  <testcase classname="TestNG.DependencyBetweenMethod2" name="loginToApp" time="3.118"/>
  <testcase classname="TestNG.DependencyBetweenMethod2" name="navigateToApp" time="5.218"/>
  <system-out>
    <![CDATA[navigateToApp
loginToApp
demo1
demo2,true
demo1,true
Hello World
demo1
demo1
demo1
demo4
demo4
demo4
demo4
demo2]]>
  </system-out>
</testsuite> <!-- TestNG.DependencyBetweenMethod2 -->
