<?xml version="1.0" encoding="UTF-8"?>
<!-- Generated by org.testng.reporters.JUnitReportReporter -->
<testsuite hostname="LAPTOP-VERPD4RG" failures="0" tests="1" name="Annotation.TestClass" time="0.007" errors="0" timestamp="2024-01-09T13:43:21 IST" skipped="0">
  <testcase classname="Annotation.TestClass" name="testmethod" time="0.007"/>
</testsuite> <!-- Annotation.TestClass -->
