<?xml version="1.0" encoding="UTF-8"?>
<!-- Generated by org.testng.reporters.JUnitReportReporter -->
<testsuite hostname="LAPTOP-VERPD4RG" failures="0" tests="3" name="grroupExecution.TestClass3" time="0.003" errors="0" timestamp="2024-01-11T12:56:59 IST" skipped="0">
  <testcase classname="grroupExecution.TestClass3" name="demo1" time="0.001"/>
  <testcase classname="grroupExecution.TestClass3" name="demo2" time="0.001"/>
  <testcase classname="grroupExecution.TestClass3" name="demo3" time="0.001"/>
</testsuite> <!-- grroupExecution.TestClass3 -->
