<?xml version="1.0" encoding="UTF-8"?>
<!-- Generated by org.testng.reporters.JUnitReportReporter -->
<testsuite hostname="LAPTOP-VERPD4RG" failures="0" tests="2" name="TestNG.priporitixedTestScript" time="0.002" errors="0" timestamp="2024-01-12T09:20:09 IST" skipped="0">
  <testcase classname="TestNG.priporitixedTestScript" name="demo2" time="0.001">
    <system-out>
      <![CDATA[demo2,true]]>
    </system-out>
  </testcase> <!-- demo2 -->
  <testcase classname="TestNG.priporitixedTestScript" name="demo1" time="0.001">
    <system-out>
      <![CDATA[demo1,true]]>
    </system-out>
  </testcase> <!-- demo1 -->
  <system-out>
    <![CDATA[navigateToApp
loginToApp
demo1
demo2,true
demo1,true
Hello World
demo1
demo1
demo1
demo4
demo4
demo4
demo4
demo2]]>
  </system-out>
</testsuite> <!-- TestNG.priporitixedTestScript -->
