<?xml version="1.0" encoding="UTF-8"?>
<!-- Generated by org.testng.reporters.JUnitReportReporter -->
<testsuite hostname="LAPTOP-VERPD4RG" failures="0" tests="1" name="TestNG.SampleTest" time="0.001" errors="0" timestamp="2024-01-12T09:20:08 IST" skipped="0">
  <testcase classname="TestNG.SampleTest" name="demoTest" time="0.001">
    <system-out>
      <![CDATA[Hello World]]>
    </system-out>
  </testcase> <!-- demoTest -->
  <system-out>
    <![CDATA[navigateToApp
loginToApp
demo1
demo2,true
demo1,true
Hello World
demo1
demo1
demo1
demo4
demo4
demo4
demo4
demo2]]>
  </system-out>
</testsuite> <!-- TestNG.SampleTest -->
